<?xml version="1.0" encoding="UTF-8"?>
<testng-results ignored="0" total="1" passed="1" failed="0" skipped="0">
  <reporter-output>
  </reporter-output>
  <suite started-at="2024-07-30T11:52:25Z" name="Suite" finished-at="2024-07-30T11:52:31Z" duration-ms="6058">
    <groups>
    </groups>
    <test started-at="2024-07-30T11:52:25Z" name="ChromeTest" finished-at="2024-07-30T11:52:31Z" duration-ms="6058">
      <class name="testCases.TC003_LoginTest">
        <test-method is-config="true" signature="setUp(java.lang.String)[pri:0, instance:testCases.TC003_LoginTest@5b6ec132]" started-at="2024-07-30T11:52:25Z" name="setUp" finished-at="2024-07-30T11:52:29Z" duration-ms="3576" status="PASS">
          <params>
            <param index="0">
              <value>
                <![CDATA[Chrome]]>
              </value>
            </param>
          </params>
          <reporter-output>
          </reporter-output>
        </test-method> <!-- setUp -->
        <test-method signature="verifyLogin()[pri:0, instance:testCases.TC003_LoginTest@5b6ec132]" started-at="2024-07-30T11:52:29Z" name="verifyLogin" finished-at="2024-07-30T11:52:31Z" duration-ms="1774" status="PASS">
          <reporter-output>
          </reporter-output>
        </test-method> <!-- verifyLogin -->
        <test-method is-config="true" signature="tearDown()[pri:0, instance:testCases.TC003_LoginTest@5b6ec132]" started-at="2024-07-30T11:52:31Z" name="tearDown" finished-at="2024-07-30T11:52:31Z" duration-ms="223" status="PASS">
          <reporter-output>
          </reporter-output>
        </test-method> <!-- tearDown -->
      </class> <!-- testCases.TC003_LoginTest -->
    </test> <!-- ChromeTest -->
  </suite> <!-- Suite -->
</testng-results>
